{"C:\\MSI Kate\\KateWolsh\\IT\\Frontend\\Home work\\Destructuring\\src\\basic.js": {"path":"C:\\MSI Kate\\KateWolsh\\IT\\Frontend\\Home work\\Destructuring\\src\\basic.js","statementMap":{"0":{"start":{"line":2,"column":4},"end":{"line":5,"column":7}},"1":{"start":{"line":3,"column":70},"end":{"line":3,"column":76}},"2":{"start":{"line":4,"column":6},"end":{"line":4,"column":45}},"3":{"start":{"line":8,"column":20},"end":{"line":29,"column":3}},"4":{"start":{"line":31,"column":27},"end":{"line":31,"column":59}},"5":{"start":{"line":32,"column":2},"end":{"line":32,"column":32}}},"fnMap":{"0":{"name":"extractSpecialAttacks","decl":{"start":{"line":1,"column":16},"end":{"line":1,"column":37}},"loc":{"start":{"line":1,"column":51},"end":{"line":6,"column":3}},"line":1},"1":{"name":"(anonymous_1)","decl":{"start":{"line":2,"column":23},"end":{"line":2,"column":24}},"loc":{"start":{"line":2,"column":33},"end":{"line":5,"column":5}},"line":2}},"branchMap":{"0":{"loc":{"start":{"line":3,"column":24},"end":{"line":3,"column":59}},"type":"default-arg","locations":[{"start":{"line":3,"column":38},"end":{"line":3,"column":59}}],"line":3}},"s":{"0":3,"1":6,"2":6,"3":1,"4":1,"5":1},"f":{"0":3,"1":6},"b":{"0":[4]},"_coverageSchema":"1a1c01bbd47fc00a2c39e90264f33305004495a9","hash":"8dd03ee65978b205e1d0d6fff7593b413ddaed48"}
}
